d:\project\svn\lib_androidqqdecrypt_sdk\1.0\bin\debug\androidqqdecryptsdk.lib
d:\project\svn\lib_androidqqdecrypt_sdk\1.0\bin\debug\androidqqdecryptsdk.exp
d:\project\svn\lib_androidqqdecrypt_sdk\1.0\ide\vs2017\androidqqdecryptsdk\debug\vc141.pdb
d:\project\svn\lib_androidqqdecrypt_sdk\1.0\ide\vs2017\androidqqdecryptsdk\debug\vc141.idb
d:\project\svn\lib_androidqqdecrypt_sdk\1.0\ide\vs2017\androidqqdecryptsdk\debug\test.obj
d:\project\svn\lib_androidqqdecrypt_sdk\1.0\ide\vs2017\androidqqdecryptsdk\debug\stringconvertion.obj
d:\project\svn\lib_androidqqdecrypt_sdk\1.0\ide\vs2017\androidqqdecryptsdk\debug\sqlite3wrapper.obj
d:\project\svn\lib_androidqqdecrypt_sdk\1.0\ide\vs2017\androidqqdecryptsdk\debug\md5.obj
d:\project\svn\lib_androidqqdecrypt_sdk\1.0\ide\vs2017\androidqqdecryptsdk\debug\common.obj
d:\project\svn\lib_androidqqdecrypt_sdk\1.0\ide\vs2017\androidqqdecryptsdk\debug\androidqqdecrypt.obj
d:\project\svn\lib_androidqqdecrypt_sdk\1.0\ide\vs2017\androidqqdecryptsdk\debug\androidqqdecryptsdk.obj
d:\project\svn\lib_androidqqdecrypt_sdk\1.0\ide\vs2017\androidqqdecryptsdk\debug\sqlite3.obj
d:\project\svn\lib_androidqqdecrypt_sdk\1.0\bin\debug\androidqqdecryptsdk.dll
d:\project\svn\lib_androidqqdecrypt_sdk\1.0\bin\debug\androidqqdecryptsdk.ilk
d:\project\svn\lib_androidqqdecrypt_sdk\1.0\bin\debug\androidqqdecryptsdk.pdb
d:\project\svn\lib_androidqqdecrypt_sdk\1.0\ide\vs2017\androidqqdecryptsdk\debug\test.new.obj.enc
d:\project\svn\lib_androidqqdecrypt_sdk\1.0\ide\vs2017\..\..\bin\debug\androidqqdecryptsdk.pdb
d:\project\svn\lib_androidqqdecrypt_sdk\1.0\ide\vs2017\..\..\bin\debug\androidqqdecryptsdk.dll
d:\project\svn\lib_androidqqdecrypt_sdk\1.0\ide\vs2017\..\..\bin\debug\androidqqdecryptsdk.ilk
d:\project\svn\lib_androidqqdecrypt_sdk\1.0\ide\vs2017\androidqqdecryptsdk\debug\androidq.d72a4a80.tlog\androidqqdecryptsdk.write.1u.tlog
d:\project\svn\lib_androidqqdecrypt_sdk\1.0\ide\vs2017\androidqqdecryptsdk\debug\androidq.d72a4a80.tlog\cl.command.1.tlog
d:\project\svn\lib_androidqqdecrypt_sdk\1.0\ide\vs2017\androidqqdecryptsdk\debug\androidq.d72a4a80.tlog\cl.read.1.tlog
d:\project\svn\lib_androidqqdecrypt_sdk\1.0\ide\vs2017\androidqqdecryptsdk\debug\androidq.d72a4a80.tlog\cl.write.1.tlog
d:\project\svn\lib_androidqqdecrypt_sdk\1.0\ide\vs2017\androidqqdecryptsdk\debug\androidq.d72a4a80.tlog\link.73180.delete.1.tlog
d:\project\svn\lib_androidqqdecrypt_sdk\1.0\ide\vs2017\androidqqdecryptsdk\debug\androidq.d72a4a80.tlog\link.command.1.tlog
d:\project\svn\lib_androidqqdecrypt_sdk\1.0\ide\vs2017\androidqqdecryptsdk\debug\androidq.d72a4a80.tlog\link.read.1.tlog
d:\project\svn\lib_androidqqdecrypt_sdk\1.0\ide\vs2017\androidqqdecryptsdk\debug\androidq.d72a4a80.tlog\link.write.1.tlog
